09:04:45 INFO  : Registering command handlers for SDK TCF services
09:04:46 INFO  : Launching XSCT server: xsct -n -interactive /home/phamduong/Uboot_dev/1.tpm-zed/blink_led/blink_led.sdk/temp_xsdb_launch_script.tcl
09:04:48 INFO  : XSCT server has started successfully.
09:04:49 INFO  : Successfully done setting XSCT server connection channel  
09:04:49 INFO  : Successfully done setting SDK workspace  
09:04:49 INFO  : Processing command line option -hwspec /home/phamduong/Uboot_dev/1.tpm-zed/blink_led/blink_led.sdk/design_1_wrapper.hdf.
09:12:22 INFO  : Saving hardware specification preferences.
09:12:22 INFO  : Starting the monitor for source hardware specification changes.
09:12:22 INFO  : Saving repository preferences.
09:12:22 INFO  : Reading in cores from local repositories: 
		 /home/phamduong/Uboot_dev/device-tree-xlnx
09:12:22 INFO  : Cleaning BSP projects in the workspace.
09:12:22 INFO  : Saving BSP preferences.
09:12:22 INFO  : Saving flash programming preferences.
10:55:08 ERROR : (XSDB Server)ERROR: [Hsi 55-1457] File /home/phamduong/Uboot_dev/1.tpm-zed/blink_led/blink_led.sdk/device_tree_bsp_0/system.mss doesn't exist on disk
ERROR: [Hsi 55-1535] Parsing MSS file /home/phamduong/Uboot_dev/1.tpm-zed/blink_led/blink_led.sdk/device_tree_bsp_0/system.mss failed

10:55:08 ERROR : (XSDB Server)ERROR: [Hsi 55-1452] Error: running open_sw_design.

10:55:08 ERROR :  [Common 17-39] 'hsi::open_sw_design' failed due to earlier errors.
10:55:08 ERROR : (XSDB Server)ERROR: [Hsi 55-1457] File /home/phamduong/Uboot_dev/1.tpm-zed/blink_led/blink_led.sdk/device_tree_bsp_0/system.mss doesn't exist on disk
ERROR: [Hsi 55-1535] Parsing MSS file /home/phamduong/Uboot_dev/1.tpm-zed/blink_led/blink_led.sdk/device_tree_bsp_0/system.mss failed
ERROR: [Hsi 55-1452] Error: running open_sw_design.

10:55:08 INFO  : Unable to read in MSS file /home/phamduong/Uboot_dev/1.tpm-zed/blink_led/blink_led.sdk/device_tree_bsp_0/system.mss : null
10:55:08 ERROR : (XSDB Server)ERROR: [Hsi 55-1457] File /home/phamduong/Uboot_dev/1.tpm-zed/blink_led/blink_led.sdk/device_tree_bsp_0/system.mss doesn't exist on disk
ERROR: [Hsi 55-1535] Parsing MSS file /home/phamduong/Uboot_dev/1.tpm-zed/blink_led/blink_led.sdk/device_tree_bsp_0/system.mss failed

10:55:08 ERROR : (XSDB Server)ERROR: [Hsi 55-1452] Error: running open_sw_design.

10:55:08 ERROR : (XSDB Server)ERROR: [Hsi 55-1457] File /home/phamduong/Uboot_dev/1.tpm-zed/blink_led/blink_led.sdk/device_tree_bsp_0/system.mss doesn't exist on disk

10:55:08 ERROR : (XSDB Server)ERROR: [Hsi 55-1535] Parsing MSS file /home/phamduong/Uboot_dev/1.tpm-zed/blink_led/blink_led.sdk/device_tree_bsp_0/system.mss failed
ERROR: [Hsi 55-1452] Error: running open_sw_design.

10:55:08 ERROR :  [Common 17-39] 'hsi::open_sw_design' failed due to earlier errors.
10:55:08 ERROR : (XSDB Server)ERROR: [Hsi 55-1457] File /home/phamduong/Uboot_dev/1.tpm-zed/blink_led/blink_led.sdk/device_tree_bsp_0/system.mss doesn't exist on disk

10:55:08 ERROR : (XSDB Server)ERROR: [Hsi 55-1535] Parsing MSS file /home/phamduong/Uboot_dev/1.tpm-zed/blink_led/blink_led.sdk/device_tree_bsp_0/system.mss failed
ERROR: [Hsi 55-1452] Error: running open_sw_design.

10:55:08 INFO  : Unable to read in MSS file /home/phamduong/Uboot_dev/1.tpm-zed/blink_led/blink_led.sdk/device_tree_bsp_0/system.mss : null
10:55:08 ERROR : (XSDB Server)ERROR: [Hsi 55-1457] File /home/phamduong/Uboot_dev/1.tpm-zed/blink_led/blink_led.sdk/device_tree_bsp_0/system.mss doesn't exist on disk

10:55:08 ERROR : (XSDB Server)ERROR: [Hsi 55-1535] Parsing MSS file /home/phamduong/Uboot_dev/1.tpm-zed/blink_led/blink_led.sdk/device_tree_bsp_0/system.mss failed
ERROR: [Hsi 55-1452] Error: running open_sw_design.

10:55:08 ERROR : (XSDB Server)ERROR: [Hsi 55-1457] File /home/phamduong/Uboot_dev/1.tpm-zed/blink_led/blink_led.sdk/device_tree_bsp_0/system.mss doesn't exist on disk
ERROR: [Hsi 55-1535] Parsing MSS file /home/phamduong/Uboot_dev/1.tpm-zed/blink_led/blink_led.sdk/device_tree_bsp_0/system.mss failed

10:55:08 ERROR : (XSDB Server)ERROR: [Hsi 55-1452] Error: running open_sw_design.

10:55:08 ERROR :  [Common 17-39] 'hsi::open_sw_design' failed due to earlier errors.
10:55:08 ERROR : (XSDB Server)ERROR: [Hsi 55-1457] File /home/phamduong/Uboot_dev/1.tpm-zed/blink_led/blink_led.sdk/device_tree_bsp_0/system.mss doesn't exist on disk
ERROR: [Hsi 55-1535] Parsing MSS file /home/phamduong/Uboot_dev/1.tpm-zed/blink_led/blink_led.sdk/device_tree_bsp_0/system.mss failed

10:55:08 ERROR : (XSDB Server)ERROR: [Hsi 55-1452] Error: running open_sw_design.

10:55:08 INFO  : Unable to read in MSS file /home/phamduong/Uboot_dev/1.tpm-zed/blink_led/blink_led.sdk/device_tree_bsp_0/system.mss : null
10:55:08 ERROR : (XSDB Server)ERROR: [Hsi 55-1457] File /home/phamduong/Uboot_dev/1.tpm-zed/blink_led/blink_led.sdk/device_tree_bsp_0/system.mss doesn't exist on disk

10:55:08 ERROR : (XSDB Server)ERROR: [Hsi 55-1535] Parsing MSS file /home/phamduong/Uboot_dev/1.tpm-zed/blink_led/blink_led.sdk/device_tree_bsp_0/system.mss failed
ERROR: [Hsi 55-1452] Error: running open_sw_design.

10:55:23 ERROR : (XSDB Server)ERROR: [Hsi 55-1457] File /home/phamduong/Uboot_dev/1.tpm-zed/blink_led/blink_led.sdk/device_tree_bsp_0/system.mss doesn't exist on disk

10:55:23 ERROR :  [Common 17-39] 'hsi::open_sw_design' failed due to earlier errors.
10:55:23 ERROR : (XSDB Server)ERROR: [Hsi 55-1535] Parsing MSS file /home/phamduong/Uboot_dev/1.tpm-zed/blink_led/blink_led.sdk/device_tree_bsp_0/system.mss failed
ERROR: [Hsi 55-1452] Error: running open_sw_design.

10:55:23 ERROR : (XSDB Server)ERROR: [Hsi 55-1457] File /home/phamduong/Uboot_dev/1.tpm-zed/blink_led/blink_led.sdk/device_tree_bsp_0/system.mss doesn't exist on disk

10:55:23 ERROR : (XSDB Server)ERROR: [Hsi 55-1535] Parsing MSS file /home/phamduong/Uboot_dev/1.tpm-zed/blink_led/blink_led.sdk/device_tree_bsp_0/system.mss failed
ERROR: [Hsi 55-1452] Error: running open_sw_design.

10:55:23 INFO  : Unable to read in MSS file /home/phamduong/Uboot_dev/1.tpm-zed/blink_led/blink_led.sdk/device_tree_bsp_0/system.mss : null
10:55:23 ERROR : (XSDB Server)ERROR: [Hsi 55-1457] File /home/phamduong/Uboot_dev/1.tpm-zed/blink_led/blink_led.sdk/device_tree_bsp_0/system.mss doesn't exist on disk

10:55:23 ERROR : (XSDB Server)ERROR: [Hsi 55-1535] Parsing MSS file /home/phamduong/Uboot_dev/1.tpm-zed/blink_led/blink_led.sdk/device_tree_bsp_0/system.mss failed
ERROR: [Hsi 55-1452] Error: running open_sw_design.

10:55:23 ERROR : (XSDB Server)ERROR: [Hsi 55-1457] File /home/phamduong/Uboot_dev/1.tpm-zed/blink_led/blink_led.sdk/device_tree_bsp_0/system.mss doesn't exist on disk

10:55:23 ERROR : (XSDB Server)ERROR: [Hsi 55-1535] Parsing MSS file /home/phamduong/Uboot_dev/1.tpm-zed/blink_led/blink_led.sdk/device_tree_bsp_0/system.mss failed
ERROR: [Hsi 55-1452] Error: running open_sw_design.

10:55:23 ERROR : Failed to get_connected_periphs
Reason: ERROR: [Common 17-55] 'get_property' expects at least one object.
Resolution: If [get_<value>] was used to populate the object, check to make sure this command returns at least one valid object.

15:46:40 INFO  : Invoking Bootgen: bootgen -image output.bif -arch zynq -o /home/phamduong/Uboot_dev/1.tpm-zed/BOOT.bin
15:46:40 INFO  : Creating new bif file /home/phamduong/Uboot_dev/1.tpm-zed/output.bif
15:46:41 INFO  : Bootgen command execution is done.
16:01:53 INFO  : Invoking Bootgen: bootgen -image output.bif -arch zynq -o /home/phamduong/Uboot_dev/1.tpm-zed/BOOT.bin -w on
16:01:53 INFO  : Overwriting existing bif file /home/phamduong/Uboot_dev/1.tpm-zed/output.bif
16:01:54 INFO  : Bootgen command execution is done.
08:38:43 ERROR : (XSDB Server)ERROR: [Hsi 55-1457] File /home/phamduong/Uboot_dev/1.tpm-zed/blink_led/blink_led.sdk/device_tree_bsp_0/system.mss doesn't exist on disk
ERROR: [Hsi 55-1535] Parsing MSS file /home/phamduong/Uboot_dev/1.tpm-zed/blink_led/blink_led.sdk/device_tree_bsp_0/system.mss failed
ERROR: [Hsi 55-1452] Error: running open_sw_design.

08:38:43 ERROR :  [Common 17-39] 'hsi::open_sw_design' failed due to earlier errors.
08:38:43 ERROR : (XSDB Server)ERROR: [Hsi 55-1457] File /home/phamduong/Uboot_dev/1.tpm-zed/blink_led/blink_led.sdk/device_tree_bsp_0/system.mss doesn't exist on disk
ERROR: [Hsi 55-1535] Parsing MSS file /home/phamduong/Uboot_dev/1.tpm-zed/blink_led/blink_led.sdk/device_tree_bsp_0/system.mss failed
ERROR: [Hsi 55-1452] Error: running open_sw_design.

08:38:43 INFO  : Unable to read in MSS file /home/phamduong/Uboot_dev/1.tpm-zed/blink_led/blink_led.sdk/device_tree_bsp_0/system.mss : null
08:38:43 ERROR : (XSDB Server)ERROR: [Hsi 55-1457] File /home/phamduong/Uboot_dev/1.tpm-zed/blink_led/blink_led.sdk/device_tree_bsp_0/system.mss doesn't exist on disk
ERROR: [Hsi 55-1535] Parsing MSS file /home/phamduong/Uboot_dev/1.tpm-zed/blink_led/blink_led.sdk/device_tree_bsp_0/system.mss failed
ERROR: [Hsi 55-1452] Error: running open_sw_design.

08:38:43 ERROR : (XSDB Server)ERROR: [Hsi 55-1457] File /home/phamduong/Uboot_dev/1.tpm-zed/blink_led/blink_led.sdk/device_tree_bsp_0/system.mss doesn't exist on disk
ERROR: [Hsi 55-1535] Parsing MSS file /home/phamduong/Uboot_dev/1.tpm-zed/blink_led/blink_led.sdk/device_tree_bsp_0/system.mss failed
ERROR: [Hsi 55-1452] Error: running open_sw_design.

08:38:43 ERROR :  [Common 17-39] 'hsi::open_sw_design' failed due to earlier errors.
08:38:43 ERROR : (XSDB Server)ERROR: [Hsi 55-1457] File /home/phamduong/Uboot_dev/1.tpm-zed/blink_led/blink_led.sdk/device_tree_bsp_0/system.mss doesn't exist on disk
ERROR: [Hsi 55-1535] Parsing MSS file /home/phamduong/Uboot_dev/1.tpm-zed/blink_led/blink_led.sdk/device_tree_bsp_0/system.mss failed
ERROR: [Hsi 55-1452] Error: running open_sw_design.

08:38:43 INFO  : Unable to read in MSS file /home/phamduong/Uboot_dev/1.tpm-zed/blink_led/blink_led.sdk/device_tree_bsp_0/system.mss : null
08:38:43 ERROR : (XSDB Server)ERROR: [Hsi 55-1457] File /home/phamduong/Uboot_dev/1.tpm-zed/blink_led/blink_led.sdk/device_tree_bsp_0/system.mss doesn't exist on disk

08:38:43 ERROR : (XSDB Server)ERROR: [Hsi 55-1535] Parsing MSS file /home/phamduong/Uboot_dev/1.tpm-zed/blink_led/blink_led.sdk/device_tree_bsp_0/system.mss failed
ERROR: [Hsi 55-1452] Error: running open_sw_design.

08:38:43 ERROR : (XSDB Server)ERROR: [Hsi 55-1457] File /home/phamduong/Uboot_dev/1.tpm-zed/blink_led/blink_led.sdk/device_tree_bsp_0/system.mss doesn't exist on disk

08:38:43 ERROR : (XSDB Server)ERROR: [Hsi 55-1535] Parsing MSS file /home/phamduong/Uboot_dev/1.tpm-zed/blink_led/blink_led.sdk/device_tree_bsp_0/system.mss failed
ERROR: [Hsi 55-1452] Error: running open_sw_design.

08:38:43 ERROR :  [Common 17-39] 'hsi::open_sw_design' failed due to earlier errors.
08:38:43 ERROR : (XSDB Server)ERROR: [Hsi 55-1457] File /home/phamduong/Uboot_dev/1.tpm-zed/blink_led/blink_led.sdk/device_tree_bsp_0/system.mss doesn't exist on disk
ERROR: [Hsi 55-1535] Parsing MSS file /home/phamduong/Uboot_dev/1.tpm-zed/blink_led/blink_led.sdk/device_tree_bsp_0/system.mss failed

08:38:43 ERROR : (XSDB Server)ERROR: [Hsi 55-1452] Error: running open_sw_design.

08:38:43 INFO  : Unable to read in MSS file /home/phamduong/Uboot_dev/1.tpm-zed/blink_led/blink_led.sdk/device_tree_bsp_0/system.mss : null
08:38:43 ERROR : (XSDB Server)ERROR: [Hsi 55-1457] File /home/phamduong/Uboot_dev/1.tpm-zed/blink_led/blink_led.sdk/device_tree_bsp_0/system.mss doesn't exist on disk

08:38:43 ERROR : (XSDB Server)ERROR: [Hsi 55-1535] Parsing MSS file /home/phamduong/Uboot_dev/1.tpm-zed/blink_led/blink_led.sdk/device_tree_bsp_0/system.mss failed
ERROR: [Hsi 55-1452] Error: running open_sw_design.

09:46:32 INFO  : Invoking Bootgen: bootgen -image output.bif -arch zynq -o /home/phamduong/Uboot_dev/1.tpm-zed/BOOT.bin
09:46:32 INFO  : Creating new bif file /home/phamduong/Uboot_dev/1.tpm-zed/output.bif
09:46:33 INFO  : Bootgen command execution is done.
